<?xml version="1.0" encoding="UTF-8"?>
<testsuite name="PersonToPerson Payments (Zelle).AddRecipient" tests="13" failures="7" errors="0" time="5.6"><properties>
[...]
</properties><testcase name="P_BothTokens_1_Email_1_Mobile" time="0.369"><failure type="Cancelling due to failed test step" message="Cancelling due to failed test step"><![CDATA[<h3><b>1_Email_1_Mobile Failed</b></h3><pre>[Valid HTTP Status Codes] Response status code:400 is not in acceptable list of status codes
[Script Assertion] Cannot get property 'resultStatus' on null object
</pre><hr/>]]></failure></testcase><testcase name="P_BothTokens_3_Email_3_Mobile" time="0.421"><failure type="Cancelling due to failed test step" message="Cancelling due to failed test step"><![CDATA[<h3><b>3_Email_3_Mobile Failed</b></h3><pre>[Valid HTTP Status Codes] Response status code:400 is not in acceptable list of status codes
[Script Assertion] Cannot get property 'resultStatus' on null object
</pre><hr/>]]></failure></testcase><testcase name="P_3EmailTokens" time="0.199"><failure type="Cancelling due to failed test step" message="Cancelling due to failed test step"><![CDATA[<h3><b>3_EmailTokens Failed</b></h3><pre>[Valid HTTP Status Codes] Response status code:400 is not in acceptable list of status codes
[Script Assertion] Cannot get property 'resultStatus' on null object
</pre><hr/>]]></failure></testcase><testcase name="P_3MobileTokens" time="0.153"><failure type="Cancelling due to failed test step" message="Cancelling due to failed test step"><![CDATA[<h3><b>3_MobileTokens Failed</b></h3><pre>[Valid HTTP Status Codes] Response status code:400 is not in acceptable list of status codes
[Script Assertion] Cannot get property 'resultStatus' on null object
</pre><hr/>]]></failure></testcase><testcase name="P_AddRecepientNullNick" time="0.191"><failure type="Cancelling due to failed test step" message="Cancelling due to failed test step"><![CDATA[<h3><b>AddRecipientNullNick Failed</b></h3><pre>[Valid HTTP Status Codes] Response status code:400 is not in acceptable list of status codes
</pre><hr/>]]></failure></testcase><testcase name="N_Add_DuplicateRecipient" time="0.104"><failure type="Cancelling due to failed test step" message="Cancelling due to failed test step"><![CDATA[<h3><b>N_Add_DuplicateRecipient Failed</b></h3><pre>[Contains] Missing token [51066] in Response
[Dup Desc] Missing token [DUP RECP NAME/NICKNAME FND] in Response
</pre><hr/>]]></failure></testcase><testcase name="N_add_RecepientBlank" time="0.109"/><testcase name="N_addRecepientNullNames" time="0.106"/><testcase name="N_addRecepientNullEmailPhone" time="0.103"/><testcase name="N_addRecepientInvalidEmail" time="0.107"/><testcase name="N_addRecepientInvalidMobile" time="0.125"/><testcase name="N_addRecipient_DuplicateEmail" time="2.813"/><testcase name="N_addRecipient_DuplicateMobile" time="0.8"><failure type="Cancelling due to failed test step" message="Cancelling due to failed test step"><![CDATA[<h3><b>N_addRecipient_DuplicateMobile Failed</b></h3><pre>[Contains] Missing token [51066] in Response
[Script Assertion] Cannot get property 'resultStatus' on null object
</pre><hr/>]]></failure></testcase></testsuite>